Drill report for R:\Users\darkb\Dropbox\Electronics\nanoAlt_Alpha\nanoAlt_Alpha.kicad_pcb
Created on 29/07/2018 14:27:05

Copper Layer Stackup:
    =============================================================
    L1 :  F.Cu                      front
    L2 :  In1.Cu                    in1
    L3 :  In2.Cu                    in2
    L4 :  B.Cu                      back


Drill file 'nanoAlt_Alpha-PTH.drl' contains
    plated through holes:
    =============================================================
    T1  0.20mm  0.008"  (16 holes)
    T2  0.25mm  0.010"  (4 holes)
    T3  0.30mm  0.012"  (6 holes)
    T4  0.40mm  0.016"  (1 hole)
    T5  2.00mm  0.079"  (1 hole)

    Total plated holes count 28


Drill file 'nanoAlt_Alpha-NPTH.drl' contains
    unplated through holes:
    =============================================================

    Total unplated holes count 0
